@ipc_fifo_name = SHM_IGM_FIFO
@num_hwavgs = 100
@trigger_ip = 128.138.158.248
@trigger_port = 8001
data_folder = F:\AFRL\202001
should_save_raw = True
max_time = 0.0
p2p_range = [0.0 2.0]
p2p_thresh = 0.0
pc_time = 5.0
pc_win = [0.1 0.4]
pc_mos = 1.0
pc_width = 1024
byte_order = little
frame_length = 136880
p2p_min = 0.000000
p2p_max = 2.000000
pc_lim_low = 0.100000
pc_lim_high = 0.400000
igms_received = 5158
igms_accepted = 5158
p2p_total = 773.771531
igs_per_pc = [73, 72, 74, 73, 73, 73, 73, 72, 73, 73, 73, 73, 73, 73, 72, 73, 73, 73, 73, 72, 73, 73, 73, 73, 73, 73, 73, 73, 73, 73, 72, 73, 73, 73, 73, 73, 73, 73, 73, 73, 73, 73, 73, 73, 73, 73, 73, 73, 73, 73, 73, 73, 73, 73, 73, 73, 73, 72, 73, 73, 73, 73, 73, 72, 73, 73, 73, 73, 73, 73, 54]
runtime = 353.668000
start_time_utc = 20200125000754
start_time_local = 20200124170754
timezone = Mountain Standard Time
trigger_name = None
Fr1_setpoint = 199867546.081000
Fr1 = 199867544.152000
Fr2 = 199866083.986000
DFr = 1460.166179
notes = 